<?xml version="1.0" encoding="UTF-8"?>
<testsuite name="UserServiceTest" tests="15" skipped="0" failures="0" errors="0" timestamp="2023-05-03T05:46:43" hostname="DESKTOP-UV21J89" time="0.719">
  <properties/>
  <testcase name="fetchUsersByNonExistantIdShouldReturnNull()" classname="UserServiceTest" time="0.657"/>
  <testcase name="fetchUsersByIdShouldReturnUserById()" classname="UserServiceTest" time="0.003"/>
  <testcase name="createUserShouldThrowExceptionIfUsernameIsAlreadyTaken()" classname="UserServiceTest" time="0.004"/>
  <testcase name="fetchUsersByEmailShouldReturnUsersByEmail()" classname="UserServiceTest" time="0.001"/>
  <testcase name="createUserShouldThrowExceptionIfEmailIsAlreadyTaken()" classname="UserServiceTest" time="0.002"/>
  <testcase name="createUserShouldCreateUserClassFromRequest()" classname="UserServiceTest" time="0.011"/>
  <testcase name="loadUserByUsernameShouldReturnValidUser()" classname="UserServiceTest" time="0.003"/>
  <testcase name="validateUserShouldReturnEmptyUser()" classname="UserServiceTest" time="0.003"/>
  <testcase name="fetchUsersByLastNameShouldReturnUsersByLastName()" classname="UserServiceTest" time="0.002"/>
  <testcase name="fetchUsersByFirstNameShouldReturnUsersByFirstName()" classname="UserServiceTest" time="0.001"/>
  <testcase name="updateUserShouldUpdateAllFields()" classname="UserServiceTest" time="0.008"/>
  <testcase name="createUserShouldThrowExceptionIfEmailIsIncorrect()" classname="UserServiceTest" time="0.002"/>
  <testcase name="fetchUsersByNonExistantLastNameShouldReturnNull()" classname="UserServiceTest" time="0.001"/>
  <testcase name="fetchUsersShouldReturnAllUsers()" classname="UserServiceTest" time="0.002"/>
  <testcase name="deleteUserShoudDeleteUserById()" classname="UserServiceTest" time="0.002"/>
  <system-out><![CDATA[]]></system-out>
  <system-err><![CDATA[]]></system-err>
</testsuite>
